7|QuietHawk-c700c9|join|
684|QuietHawk-dd2259|join|
784|QuietHawk-dd2259|combat|melee:none
835|QuietHawk-dd2259|action|interact:126
853|QuietHawk-dd2259|action|interact:123
861|QuietHawk-dd2259|action|interact:124
874|QuietHawk-dd2259|combat|pvp:QuietHawk-c700c9:18
880|QuietHawk-dd2259|combat|pvp:QuietHawk-c700c9:16
895|QuietHawk-dd2259|action|interact:127
898|QuietHawk-dd2259|action|interact:80
905|QuietHawk-dd2259|action|interact:32
922|QuietHawk-dd2259|action|interact:95
927|QuietHawk-dd2259|action|interact:32
939|QuietHawk-dd2259|action|interact:32
953|QuietHawk-dd2259|combat|melee:none
1616|QuietHawk-dd2259|action|interact:125
1717|QuietHawk-dd2259|inventory|135:4
1737|QuietHawk-dd2259|inventory|135:27
1752|QuietHawk-dd2259|inventory|135:19
1790|QuietHawk-dd2259|action|interact:32
1810|QuietHawk-dd2259|action|interact:32
1820|QuietHawk-dd2259|action|interact:32
1827|QuietHawk-dd2259|action|interact:32
1834|QuietHawk-dd2259|action|interact:32
1843|QuietHawk-dd2259|combat|melee:sword:80:1
1850|QuietHawk-dd2259|combat|death:80
1850|QuietHawk-dd2259|combat|melee:sword:80:0
1858|QuietHawk-dd2259|combat|pvp:QuietHawk-c700c9:12
1866|QuietHawk-dd2259|combat|pvp:QuietHawk-c700c9:8
1873|QuietHawk-dd2259|combat|melee:none
1891|QuietHawk-dd2259|combat|melee:sword:127:4
1909|QuietHawk-dd2259|combat|melee:none
1919|QuietHawk-dd2259|combat|melee:sword:128:4
1924|QuietHawk-dd2259|combat|death:128
1924|QuietHawk-dd2259|combat|melee:sword:128:0
1935|QuietHawk-dd2259|combat|melee:sword:126:4
1939|QuietHawk-dd2259|combat|death:126
1939|QuietHawk-dd2259|combat|melee:sword:126:0
1943|QuietHawk-dd2259|combat|melee:sword:124:4
1948|QuietHawk-dd2259|combat|melee:none
1954|QuietHawk-dd2259|combat|melee:none
1959|QuietHawk-dd2259|combat|melee:none
1964|QuietHawk-dd2259|combat|melee:none
1969|QuietHawk-dd2259|combat|melee:none
1974|QuietHawk-dd2259|combat|melee:none
1980|QuietHawk-dd2259|combat|death:127
1980|QuietHawk-dd2259|combat|melee:sword:127:0
1985|QuietHawk-dd2259|combat|pvp:QuietHawk-c700c9:4
1991|QuietHawk-dd2259|combat|pvp:QuietHawk-c700c9:0
1996|QuietHawk-dd2259|combat|melee:none
2000|QuietHawk-dd2259|combat|melee:none
2003|QuietHawk-dd2259|combat|melee:sword:123:4
2009|QuietHawk-dd2259|combat|melee:none
2014|QuietHawk-dd2259|combat|melee:none
2017|QuietHawk-dd2259|combat|melee:none
2020|QuietHawk-dd2259|combat|death:124
2020|QuietHawk-dd2259|combat|melee:sword:124:0
2024|QuietHawk-dd2259|combat|death:123
2024|QuietHawk-dd2259|combat|melee:sword:123:0
2033|QuietHawk-dd2259|combat|melee:none
2038|QuietHawk-dd2259|combat|melee:none
2044|QuietHawk-dd2259|combat|melee:none
2048|QuietHawk-dd2259|combat|melee:none
2054|QuietHawk-dd2259|combat|melee:none
2060|QuietHawk-dd2259|combat|melee:none
2683|QuietHawk-dd2259|disconnect|
2683|QuietHawk-c700c9|disconnect|
2689|QuietLynx-f24708|join|
3152|QuietLynx-f24708|combat|melee:hoe:134:8
3384|QuietLynx-f24708|action|interact:133
3420|QuietLynx-f24708|disconnect|
3425|QuietBear-5c9ecc|join|
4350|QuietBear-5c9ecc|combat|melee:hoe:156:6
4374|QuietBear-5c9ecc|action|interact:156
4383|QuietBear-5c9ecc|action|interact:156
4393|QuietBear-5c9ecc|action|interact:4
4399|QuietBear-5c9ecc|action|interact:4
4417|QuietBear-5c9ecc|action|till:25,-4
4436|QuietBear-5c9ecc|combat|melee:none
4439|QuietBear-5c9ecc|combat|melee:none
4449|QuietBear-5c9ecc|combat|melee:none
4458|QuietBear-5c9ecc|combat|melee:none
4464|QuietBear-5c9ecc|combat|melee:none
4470|QuietBear-5c9ecc|combat|melee:none
4527|QuietBear-5c9ecc|disconnect|
4534|FierceLynx-e262da|join|
5071|FierceLynx-e262da|action|interact:183
5138|FierceLynx-e262da|action|interact:83
5151|FierceLynx-e262da|action|interact:83
5191|FierceLynx-e262da|action|interact:83
5203|FierceLynx-e262da|action|interact:182
5292|FierceLynx-e262da|action|interact:83
5307|FierceLynx-e262da|action|interact:83
5349|FierceLynx-e262da|action|interact:83
5491|FierceLynx-e262da|action|till:-4,10
5495|FierceLynx-e262da|action|till:-3,9
5526|FierceLynx-e262da|action|interact:183
5600|FierceLynx-e262da|action|interact:181
5769|FierceLynx-e262da|inventory|177:14
5793|FierceLynx-e262da|inventory|177:32
5806|FierceLynx-e262da|inventory|177:23
5905|FierceLynx-e262da|action|place:stone_wall:992,224
5924|FierceLynx-e262da|action|place:stone_wall:992,288
5969|FierceLynx-e262da|action|place:stone_wall:1056,224
5988|FierceLynx-e262da|action|place:stone_wall:1056,288
5998|FierceLynx-e262da|action|place:stone_wall:1120,224
6037|FierceLynx-e262da|action|place:stone_wall:992,352
6057|FierceLynx-e262da|action|place:stone_wall:928,288
6122|FierceLynx-e262da|action|place:stone_wall:1184,224
6144|FierceLynx-e262da|action|place:stone_wall:1248,224
6154|FierceLynx-e262da|action|place:stone_wall:1312,224
6191|FierceLynx-e262da|action|place:stone_wall:1376,224
6202|FierceLynx-e262da|action|place:stone_wall:1376,288
6221|FierceLynx-e262da|action|place:stone_wall:1376,352
6238|FierceLynx-e262da|action|place:stone_wall:1376,416
6256|FierceLynx-e262da|action|place:stone_wall:1248,416
6310|FierceLynx-e262da|action|place:stone_wall:1312,416
6354|FierceLynx-e262da|action|place:stone_wall:1056,416
6369|FierceLynx-e262da|action|place:stone_wall:1056,480
6382|FierceLynx-e262da|action|place:stone_wall:1056,352
6411|FierceLynx-e262da|action|place:stone_wall:1120,480
6603|FierceLynx-e262da|action|place:stone_wall:1248,480
6617|FierceLynx-e262da|action|place:stone_wall:1184,480
7264|FierceLynx-e262da|disconnect|
7269|FierceStag-8fbe0a|join|
8977|FierceStag-8fbe0a|disconnect|
8983|FierceBear-7e5a6e|join|
11231|FierceBear-7e5a6e|disconnect|
11236|WiseWolf-de08aa|join|
12977|WiseWolf-de08aa|action|place:boat:2126,-1838
13097|WiseWolf-de08aa|action|interact:260
13170|WiseWolf-de08aa|action|interact:260
13206|WiseWolf-de08aa|action|interact:260
13213|WiseWolf-de08aa|action|interact:260
13525|WiseWolf-de08aa|action|place:boat:1919,-1684
13537|WiseWolf-de08aa|action|place:boat:1938,-1743
13625|WiseWolf-de08aa|action|interact:262
13644|WiseWolf-de08aa|action|interact:262
13663|WiseWolf-de08aa|action|interact:262
13671|WiseWolf-de08aa|action|interact:262
13691|WiseWolf-de08aa|action|interact:262
13900|WiseWolf-de08aa|disconnect|
13906|QuietBear-5e9a2a|join|
14572|FierceOtter-9c8d25|join|
15211|QuietBear-5e9a2a|action|till:6,5
15266|FierceOtter-9c8d25|action|till:8,9
15354|FierceOtter-9c8d25|action|till:10,13
15392|FierceOtter-9c8d25|action|till:12,12
15409|FierceOtter-9c8d25|action|till:11,12
15538|FierceOtter-9c8d25|action|till:10,12
15565|FierceOtter-9c8d25|action|till:9,13
15578|FierceOtter-9c8d25|action|till:9,12
15592|FierceOtter-9c8d25|action|till:8,12
15602|FierceOtter-9c8d25|action|till:8,12
15615|FierceOtter-9c8d25|action|till:8,13
15629|FierceOtter-9c8d25|action|till:7,12
15639|FierceOtter-9c8d25|action|till:7,13
15728|QuietBear-5e9a2a|action|till:12,9
15769|FierceOtter-9c8d25|action|till:14,8
16006|QuietBear-5e9a2a|action|till:12,16
16915|FierceOtter-9c8d25|action|interact:83
16949|FierceOtter-9c8d25|action|interact:83
17050|FierceOtter-9c8d25|action|interact:83
17074|FierceOtter-9c8d25|action|interact:83
17098|FierceOtter-9c8d25|action|interact:83
17132|FierceOtter-9c8d25|action|interact:83
17158|FierceOtter-9c8d25|action|interact:83
17219|FierceOtter-9c8d25|action|interact:284
17224|FierceOtter-9c8d25|action|interact:284
18669|QuietBear-5e9a2a|disconnect|
18669|FierceOtter-9c8d25|disconnect|
18675|BoldHawk-209de5|join|
19960|BoldHawk-209de5|disconnect|
19962|p-57eec6d0|join|
19995|p-57eec6d0|disconnect|
19997|p-b3432447|join|
20029|p-b3432447|disconnect|
20031|p-6ece3343|join|
20062|p-6ece3343|disconnect|
20064|p-78091e0d|join|
20193|p-78091e0d|disconnect|
20195|p-dba086d6|join|
20334|p-dba086d6|disconnect|
20336|p-6a28fbc7|join|
20482|p-6a28fbc7|disconnect|
20487|WildBear-acd55c|join|
21994|WildBear-acd55c|disconnect|
21996|p-33f4a39c|join|
22209|p-33f4a39c|disconnect|
22211|p-a03355b4|join|
22338|p-a03355b4|action|place:fence:800,224
22425|p-a03355b4|disconnect|
22427|p-5612c960|join|
22642|p-5612c960|disconnect|
22644|p-7cc70772|join|
22858|p-7cc70772|disconnect|
22860|p-c06523ce|join|
23074|p-c06523ce|disconnect|
23076|p-f0ecdaa7|join|
23288|p-f0ecdaa7|disconnect|
23290|p-9dd8b4a0|join|
23503|p-9dd8b4a0|disconnect|
23505|p-13c7d8de|join|
23641|p-13c7d8de|action|place:fence:864,224
23755|p-13c7d8de|disconnect|
23757|p-1793b08f|join|
24017|p-1793b08f|disconnect|
24019|p-7838b4e9|join|
24255|p-7838b4e9|disconnect|
24257|p-71a6ff8c|join|
24492|p-71a6ff8c|disconnect|
24494|p-4a5782d7|join|
24739|p-4a5782d7|action|place:boat:144,-576
24758|p-4a5782d7|disconnect|
24760|p-1878395d|join|
24897|p-1878395d|action|interact:352
25000|p-1878395d|action|place:boat:88,-512
25039|p-1878395d|disconnect|
25041|p-5d26cc60|join|
25320|p-5d26cc60|disconnect|
25322|p-873c979b|join|
25602|p-873c979b|disconnect|
25604|p-4473a777|join|
25886|p-4473a777|disconnect|
25889|p-1f5c4202|join|
26143|p-1f5c4202|disconnect|
26148|FierceHawk-2de3a2|join|
27383|FierceHawk-2de3a2|disconnect|
27385|p-7ed919e5|join|
27641|p-7ed919e5|disconnect|
27643|p-527dca91|join|
27896|p-527dca91|disconnect|
27898|p-6ab9d4aa|join|
28025|p-6ab9d4aa|action|interact:356
28118|p-6ab9d4aa|action|place:boat:24,-384
28152|p-6ab9d4aa|disconnect|
28154|p-0711a40e|join|
28427|p-0711a40e|disconnect|
28429|p-cbced0aa|join|
28701|p-cbced0aa|disconnect|
28703|p-44260601|join|
28973|p-44260601|disconnect|
28975|p-f036a7b6|join|
29231|p-f036a7b6|action|interact:373
29247|p-f036a7b6|disconnect|
29249|p-74b7fa3a|join|
29519|p-74b7fa3a|disconnect|
29521|p-a6ad800e|join|
29793|p-a6ad800e|disconnect|
29795|p-a9b2cc4a|join|
30067|p-a9b2cc4a|disconnect|
30069|p-ed94b565|join|
30339|p-ed94b565|disconnect|
30341|p-09bc4056|join|
30614|p-09bc4056|disconnect|
30616|p-32b325a8|join|
30890|p-32b325a8|disconnect|
30892|p-38c9fb04|join|
31165|p-38c9fb04|disconnect|
31167|p-9f061e90|join|
31438|p-9f061e90|disconnect|
31440|p-aad0adae|join|
31712|p-aad0adae|disconnect|
31714|p-73f243a0|join|
31992|p-73f243a0|disconnect|
31994|p-f4890bfb|join|
32267|p-f4890bfb|disconnect|
32272|WildOtter-f10917|join|
32402|p-b8914603|join|
33288|WildOtter-f10917|combat|melee:none
33305|WildOtter-f10917|combat|melee:none
33327|WildOtter-f10917|combat|melee:none
33339|WildOtter-f10917|combat|melee:none
33346|WildOtter-f10917|combat|melee:none
33352|WildOtter-f10917|combat|melee:none
33358|WildOtter-f10917|combat|melee:none
33363|WildOtter-f10917|combat|melee:none
33368|WildOtter-f10917|combat|melee:none
33373|WildOtter-f10917|combat|melee:none
33377|WildOtter-f10917|combat|melee:none
33382|WildOtter-f10917|combat|melee:none
32676|p-b8914603|disconnect|
33460|WildOtter-f10917|inventory|404:0
33486|WildOtter-f10917|inventory|404:27
33499|WildOtter-f10917|inventory|404:18
33533|WildOtter-f10917|combat|melee:none
33539|WildOtter-f10917|combat|melee:none
33544|WildOtter-f10917|combat|melee:none
33550|WildOtter-f10917|combat|melee:none
33560|WildOtter-f10917|combat|melee:none
33565|WildOtter-f10917|combat|melee:none
33570|WildOtter-f10917|combat|melee:none
33575|WildOtter-f10917|combat|melee:none
33580|WildOtter-f10917|combat|melee:none
33585|WildOtter-f10917|combat|melee:none
33592|WildOtter-f10917|combat|melee:none
33597|WildOtter-f10917|combat|melee:none
33604|WildOtter-f10917|combat|melee:none
33610|WildOtter-f10917|combat|melee:none
33616|WildOtter-f10917|combat|melee:none
33622|WildOtter-f10917|combat|melee:none
33628|WildOtter-f10917|combat|melee:none
33721|WildOtter-f10917|combat|melee:none
33725|WildOtter-f10917|combat|melee:none
33730|WildOtter-f10917|combat|melee:none
33747|WildOtter-f10917|combat|melee:none
33753|WildOtter-f10917|combat|melee:none
33759|WildOtter-f10917|combat|melee:none
33765|WildOtter-f10917|combat|melee:none
33770|WildOtter-f10917|combat|melee:none
33776|WildOtter-f10917|combat|melee:none
33782|WildOtter-f10917|combat|melee:none
33788|WildOtter-f10917|combat|melee:none
33794|WildOtter-f10917|combat|melee:none
33801|WildOtter-f10917|combat|melee:none
33807|WildOtter-f10917|combat|melee:none
33818|WildOtter-f10917|combat|melee:none
33823|WildOtter-f10917|combat|melee:none
33828|WildOtter-f10917|combat|melee:none
33834|WildOtter-f10917|combat|melee:none
33840|WildOtter-f10917|combat|melee:none
33846|WildOtter-f10917|combat|melee:none
33851|WildOtter-f10917|combat|melee:none
33858|WildOtter-f10917|combat|melee:none
33864|WildOtter-f10917|combat|melee:none
33870|WildOtter-f10917|combat|melee:none
34165|WildOtter-f10917|combat|melee:none
34172|WildOtter-f10917|combat|melee:none
34180|WildOtter-f10917|combat|melee:none
34185|WildOtter-f10917|combat|melee:none
34195|WildOtter-f10917|combat|melee:none
34200|WildOtter-f10917|combat|melee:none
34208|WildOtter-f10917|combat|melee:none
34215|WildOtter-f10917|combat|melee:none
34235|WildOtter-f10917|combat|melee:none
34251|WildOtter-f10917|combat|melee:none
34265|WildOtter-f10917|combat|melee:none
34278|WildOtter-f10917|combat|melee:none
34292|WildOtter-f10917|combat|melee:none
34309|WildOtter-f10917|combat|melee:none
34325|WildOtter-f10917|combat|melee:none
34340|WildOtter-f10917|combat|melee:none
34352|WildOtter-f10917|combat|melee:none
34365|WildOtter-f10917|combat|melee:none
34386|WildOtter-f10917|combat|melee:none
34402|WildOtter-f10917|combat|melee:none
34417|WildOtter-f10917|combat|melee:none
34432|WildOtter-f10917|combat|melee:none
34447|WildOtter-f10917|combat|melee:none
34465|WildOtter-f10917|combat|melee:none
34478|WildOtter-f10917|combat|melee:none
34493|WildOtter-f10917|combat|melee:none
34507|WildOtter-f10917|combat|melee:none
34522|WildOtter-f10917|combat|melee:none
34548|WildOtter-f10917|combat|melee:none
34566|WildOtter-f10917|combat|melee:none
34577|WildOtter-f10917|combat|melee:none
34583|WildOtter-f10917|combat|melee:none
34589|WildOtter-f10917|combat|melee:none
34596|WildOtter-f10917|combat|melee:none
34602|WildOtter-f10917|combat|melee:none
34749|WildOtter-f10917|disconnect|
34756|p-463d18d3|join|
34832|p-463d18d3|disconnect|
34838|p-7b89800b|join|
34915|p-7b89800b|disconnect|
34921|p-fb384a8c|join|
34999|p-fb384a8c|disconnect|
35006|p-aa220421|join|
35087|p-aa220421|disconnect|
35094|p-e215b8d8|join|
35175|p-e215b8d8|disconnect|
35181|p-57701c8f|join|
35262|p-57701c8f|disconnect|
35268|p-ddc11d10|join|
35348|p-ddc11d10|disconnect|
35356|p-fbb0f440|join|
35447|p-fbb0f440|disconnect|
35452|QuickOtter-e4b601|join|
35825|QuickOtter-e4b601|action|place:boat:436,-729
35892|QuickOtter-e4b601|action|interact:424
36236|QuickOtter-e4b601|combat|melee:none
36258|QuickOtter-e4b601|action|interact:424
36336|QuickOtter-e4b601|combat|melee:none
36352|QuickOtter-e4b601|combat|melee:none
36358|QuickOtter-e4b601|combat|melee:none
36363|QuickOtter-e4b601|combat|melee:none
36367|QuickOtter-e4b601|combat|melee:none
36372|QuickOtter-e4b601|combat|melee:none
36377|QuickOtter-e4b601|combat|melee:none
36382|QuickOtter-e4b601|combat|melee:none
36386|QuickOtter-e4b601|combat|melee:none
36391|QuickOtter-e4b601|combat|melee:none
36395|QuickOtter-e4b601|combat|melee:none
36400|QuickOtter-e4b601|combat|melee:none
36412|QuickOtter-e4b601|combat|melee:none
36417|QuickOtter-e4b601|combat|melee:none
36422|QuickOtter-e4b601|combat|melee:none
36427|QuickOtter-e4b601|combat|melee:none
36433|QuickOtter-e4b601|combat|melee:none
36438|QuickOtter-e4b601|combat|melee:none
36444|QuickOtter-e4b601|combat|melee:none
36450|QuickOtter-e4b601|combat|melee:none
36467|QuickOtter-e4b601|combat|melee:none
36492|QuickOtter-e4b601|combat|melee:none
36522|QuickOtter-e4b601|combat|melee:none
36532|QuickOtter-e4b601|combat|melee:none
36538|QuickOtter-e4b601|combat|melee:none
36544|QuickOtter-e4b601|combat|melee:none
36602|QuickOtter-e4b601|inventory|422:1
36622|QuickOtter-e4b601|inventory|422:28
36636|QuickOtter-e4b601|inventory|422:19
36714|QuickOtter-e4b601|combat|melee:none
36730|QuickOtter-e4b601|combat|melee:none
36733|QuickOtter-e4b601|combat|melee:none
36738|QuickOtter-e4b601|combat|melee:none
36743|QuickOtter-e4b601|combat|melee:none
36748|QuickOtter-e4b601|combat|melee:none
36752|QuickOtter-e4b601|combat|melee:none
36756|QuickOtter-e4b601|combat|melee:none
36765|QuickOtter-e4b601|combat|melee:none
36769|QuickOtter-e4b601|combat|melee:none
36774|QuickOtter-e4b601|combat|melee:none
36779|QuickOtter-e4b601|combat|melee:none
36784|QuickOtter-e4b601|combat|melee:none
36789|QuickOtter-e4b601|combat|melee:none
36793|QuickOtter-e4b601|combat|melee:none
36797|QuickOtter-e4b601|combat|melee:none
36802|QuickOtter-e4b601|combat|melee:none
36807|QuickOtter-e4b601|combat|melee:none
36811|QuickOtter-e4b601|combat|melee:none
36816|QuickOtter-e4b601|combat|melee:none
36821|QuickOtter-e4b601|combat|melee:none
36826|QuickOtter-e4b601|combat|melee:none
36829|QuickOtter-e4b601|combat|melee:none
36835|QuickOtter-e4b601|combat|melee:none
36839|QuickOtter-e4b601|combat|melee:none
36843|QuickOtter-e4b601|combat|melee:none
36854|QuickOtter-e4b601|combat|melee:none
36862|QuickOtter-e4b601|combat|melee:none
37100|QuickOtter-e4b601|combat|melee:none
37105|QuickOtter-e4b601|combat|melee:none
37113|QuickOtter-e4b601|combat|melee:none
37119|QuickOtter-e4b601|combat|melee:none
37126|QuickOtter-e4b601|combat|melee:none
37131|QuickOtter-e4b601|combat|melee:none
37137|QuickOtter-e4b601|combat|melee:none
37143|QuickOtter-e4b601|combat|melee:none
37161|QuickOtter-e4b601|combat|melee:none
37168|QuickOtter-e4b601|combat|melee:none
37173|QuickOtter-e4b601|combat|melee:none
37178|QuickOtter-e4b601|combat|melee:none
37186|QuickOtter-e4b601|combat|melee:none
37193|QuickOtter-e4b601|combat|melee:none
37199|QuickOtter-e4b601|combat|melee:none
37216|QuickOtter-e4b601|combat|melee:none
37223|QuickOtter-e4b601|combat|melee:none
37228|QuickOtter-e4b601|combat|melee:none
37234|QuickOtter-e4b601|combat|melee:none
37240|QuickOtter-e4b601|combat|melee:none
37246|QuickOtter-e4b601|combat|melee:none
37253|QuickOtter-e4b601|combat|melee:none
37260|QuickOtter-e4b601|combat|melee:none
37275|QuickOtter-e4b601|combat|melee:none
37341|QuickOtter-e4b601|combat|melee:none
37347|QuickOtter-e4b601|combat|melee:none
37351|QuickOtter-e4b601|combat|melee:none
37356|QuickOtter-e4b601|combat|melee:none
37362|QuickOtter-e4b601|combat|melee:none
37368|QuickOtter-e4b601|combat|melee:none
37399|QuickOtter-e4b601|combat|melee:none
37405|QuickOtter-e4b601|combat|melee:none
37418|QuickOtter-e4b601|combat|melee:none
37425|QuickOtter-e4b601|combat|melee:none
37449|QuickOtter-e4b601|combat|melee:none
37486|QuickOtter-e4b601|combat|melee:none
37503|QuickOtter-e4b601|combat|melee:none
37532|QuickOtter-e4b601|combat|melee:none
37548|QuickOtter-e4b601|combat|melee:none
37563|QuickOtter-e4b601|combat|melee:none
37577|QuickOtter-e4b601|combat|melee:none
37592|QuickOtter-e4b601|combat|melee:none
37605|QuickOtter-e4b601|combat|melee:none
37619|QuickOtter-e4b601|combat|melee:none
37632|QuickOtter-e4b601|combat|melee:none
37650|QuickOtter-e4b601|combat|melee:none
37656|QuickOtter-e4b601|combat|melee:none
37661|QuickOtter-e4b601|combat|melee:none
37667|QuickOtter-e4b601|combat|melee:none
37672|QuickOtter-e4b601|combat|melee:none
37684|QuickOtter-e4b601|combat|melee:none
37691|QuickOtter-e4b601|combat|melee:none
37704|QuickOtter-e4b601|combat|melee:none
37710|QuickOtter-e4b601|combat|melee:none
37717|QuickOtter-e4b601|combat|melee:none
37732|QuickOtter-e4b601|combat|melee:none
37739|QuickOtter-e4b601|combat|melee:none
37745|QuickOtter-e4b601|combat|melee:none
37752|QuickOtter-e4b601|combat|melee:none
37758|QuickOtter-e4b601|combat|melee:none
37765|QuickOtter-e4b601|combat|melee:none
37771|QuickOtter-e4b601|combat|melee:none
37777|QuickOtter-e4b601|combat|melee:none
37783|QuickOtter-e4b601|combat|melee:none
37789|QuickOtter-e4b601|combat|melee:none
37794|QuickOtter-e4b601|combat|melee:none
37800|QuickOtter-e4b601|combat|melee:none
37807|QuickOtter-e4b601|combat|melee:none
37817|QuickOtter-e4b601|combat|melee:none
37823|QuickOtter-e4b601|combat|melee:none
37829|QuickOtter-e4b601|combat|melee:none
37836|QuickOtter-e4b601|combat|melee:none
37842|QuickOtter-e4b601|combat|melee:none
37848|QuickOtter-e4b601|combat|melee:none
37854|QuickOtter-e4b601|combat|melee:none
37860|QuickOtter-e4b601|combat|melee:none
37866|QuickOtter-e4b601|combat|melee:none
37873|QuickOtter-e4b601|combat|melee:none
38586|FierceLynx-17bad0|join|
38891|QuickOtter-e4b601|combat|melee:none
39397|QuickOtter-e4b601|combat|melee:none
39411|QuickOtter-e4b601|combat|melee:none
40042|QuickOtter-e4b601|combat|pvp:FierceLynx-17bad0:17
40084|QuickOtter-e4b601|combat|melee:none
40089|QuickOtter-e4b601|combat|melee:none
40095|QuickOtter-e4b601|combat|melee:none
40102|QuickOtter-e4b601|combat|melee:none
40107|QuickOtter-e4b601|combat|melee:none
40113|QuickOtter-e4b601|combat|melee:none
40119|QuickOtter-e4b601|combat|pvp:FierceLynx-17bad0:14
41052|QuickOtter-e4b601|combat|melee:none
41057|QuickOtter-e4b601|combat|melee:none
41062|QuickOtter-e4b601|combat|melee:none
41065|QuickOtter-e4b601|combat|melee:none
41070|QuickOtter-e4b601|combat|melee:none
41078|QuickOtter-e4b601|combat|melee:none
41083|QuickOtter-e4b601|combat|melee:none
41090|QuickOtter-e4b601|combat|melee:none
41097|QuickOtter-e4b601|combat|melee:none
41115|QuickOtter-e4b601|combat|melee:none
41121|QuickOtter-e4b601|combat|melee:none
41126|QuickOtter-e4b601|combat|melee:none
41132|QuickOtter-e4b601|combat|melee:none
41140|QuickOtter-e4b601|combat|melee:none
41171|QuickOtter-e4b601|combat|melee:none
41176|QuickOtter-e4b601|combat|melee:none
41181|QuickOtter-e4b601|combat|melee:none
41186|QuickOtter-e4b601|combat|melee:none
41191|QuickOtter-e4b601|combat|melee:none
41196|QuickOtter-e4b601|combat|melee:none
41213|QuickOtter-e4b601|combat|melee:none
41302|QuickOtter-e4b601|combat|melee:none
41307|QuickOtter-e4b601|combat|melee:none
41312|QuickOtter-e4b601|combat|pvp:FierceLynx-17bad0:11
41317|QuickOtter-e4b601|combat|pvp:FierceLynx-17bad0:8
41322|QuickOtter-e4b601|combat|pvp:FierceLynx-17bad0:5
41327|QuickOtter-e4b601|combat|pvp:FierceLynx-17bad0:2
41333|QuickOtter-e4b601|combat|pvp:FierceLynx-17bad0:0
41339|QuickOtter-e4b601|combat|melee:none
41357|QuickOtter-e4b601|combat|melee:none
41361|QuickOtter-e4b601|combat|melee:none
41366|QuickOtter-e4b601|combat|melee:none
41371|QuickOtter-e4b601|combat|melee:none
41376|QuickOtter-e4b601|combat|melee:none
41384|QuickOtter-e4b601|combat|melee:none
41389|QuickOtter-e4b601|combat|melee:none
41395|QuickOtter-e4b601|combat|melee:none
41400|QuickOtter-e4b601|combat|melee:none
41406|QuickOtter-e4b601|combat|melee:none
41412|QuickOtter-e4b601|combat|melee:none
41417|QuickOtter-e4b601|combat|melee:none
41579|FierceLynx-17bad0|combat|melee:none
41598|QuickOtter-e4b601|combat|melee:none
41628|QuickOtter-e4b601|combat|melee:none
41636|QuickOtter-e4b601|combat|melee:none
41642|QuickOtter-e4b601|combat|melee:none
41647|QuickOtter-e4b601|combat|melee:none
41652|QuickOtter-e4b601|combat|melee:none
41658|QuickOtter-e4b601|combat|melee:none
41662|QuickOtter-e4b601|combat|melee:none
41683|QuickOtter-e4b601|combat|melee:none
41688|QuickOtter-e4b601|combat|melee:none
41693|QuickOtter-e4b601|combat|melee:none
41699|QuickOtter-e4b601|combat|melee:none
41705|QuickOtter-e4b601|combat|melee:none
41710|QuickOtter-e4b601|combat|melee:none
41715|QuickOtter-e4b601|combat|melee:none
41720|QuickOtter-e4b601|combat|melee:none
41725|QuickOtter-e4b601|combat|melee:none
41731|QuickOtter-e4b601|combat|melee:none
41736|QuickOtter-e4b601|combat|melee:none
41741|QuickOtter-e4b601|combat|melee:none
41747|QuickOtter-e4b601|combat|melee:none
41806|FierceLynx-17bad0|combat|melee:none
41811|FierceLynx-17bad0|combat|melee:none
41816|FierceLynx-17bad0|combat|melee:none
41822|FierceLynx-17bad0|combat|melee:none
41828|FierceLynx-17bad0|combat|melee:none
41834|FierceLynx-17bad0|combat|melee:none
41840|FierceLynx-17bad0|combat|melee:none
41846|FierceLynx-17bad0|combat|melee:none
41851|FierceLynx-17bad0|combat|melee:none
41858|FierceLynx-17bad0|combat|melee:none
41864|FierceLynx-17bad0|combat|melee:none
41871|FierceLynx-17bad0|combat|melee:none
41877|FierceLynx-17bad0|combat|melee:none
41883|FierceLynx-17bad0|combat|melee:none
41888|FierceLynx-17bad0|combat|melee:none
41892|FierceLynx-17bad0|combat|melee:none
41898|FierceLynx-17bad0|combat|melee:none
41904|FierceLynx-17bad0|combat|melee:none
41910|FierceLynx-17bad0|combat|melee:none
41917|FierceLynx-17bad0|combat|melee:none
41924|FierceLynx-17bad0|combat|melee:none
41931|FierceLynx-17bad0|combat|melee:none
41937|FierceLynx-17bad0|combat|melee:none
41944|FierceLynx-17bad0|combat|melee:none
41950|FierceLynx-17bad0|combat|melee:hoe:373:98
41956|FierceLynx-17bad0|combat|melee:none
41962|FierceLynx-17bad0|combat|melee:none
41968|FierceLynx-17bad0|combat|melee:none
41975|FierceLynx-17bad0|combat|melee:none
41982|FierceLynx-17bad0|combat|melee:none
41988|FierceLynx-17bad0|combat|melee:none
42129|FierceLynx-17bad0|disconnect|
42183|QuickOtter-e4b601|disconnect|
42189|p-794a9a77|join|
42258|p-794a9a77|action|place:fence:-544,-416
42270|p-794a9a77|disconnect|
42276|p-007d0446|join|
42357|p-007d0446|action|place:boat:-216,-64
42370|p-007d0446|action|interact:448
42383|p-007d0446|disconnect|
42389|p-bb6a62c2|join|
42493|p-bb6a62c2|disconnect|
42499|p-40893adc|join|
42605|p-40893adc|disconnect|
42611|p-a7de47ea|join|
42715|p-a7de47ea|disconnect|
42721|WiseFox-bea8e9|join|
42908|WiseFox-bea8e9|action|place:chest:-480,-416
43007|WiseFox-bea8e9|action|place:fence:-608,-416
43032|WiseFox-bea8e9|action|place:fence:-544,-480
43049|WiseFox-bea8e9|action|place:fence:-480,-480
43063|WiseFox-bea8e9|action|place:fence:-416,-480
43075|WiseFox-bea8e9|action|place:fence:-416,-416
43105|WiseFox-bea8e9|action|place:fence:-416,-352
43117|WiseFox-bea8e9|action|place:fence:-352,-352
43168|WiseFox-bea8e9|action|place:fence:-288,-352
43207|WiseFox-bea8e9|action|place:fence:-352,-416
43387|WiseFox-bea8e9|action|place:boat:10,-173
43451|WiseFox-bea8e9|action|interact:467
43671|WiseFox-bea8e9|disconnect|
43676|QuickHawk-a5971f|join|
43828|QuickHawk-a5971f|action|interact:424
43922|QuickHawk-a5971f|combat|melee:none
44038|QuickHawk-a5971f|action|interact:424
44493|QuickHawk-a5971f|combat|melee:none
44509|QuickHawk-a5971f|combat|melee:none
44517|QuickHawk-a5971f|combat|melee:none
44522|QuickHawk-a5971f|combat|melee:none
44528|QuickHawk-a5971f|combat|melee:none
44534|QuickHawk-a5971f|combat|melee:none
44548|QuickHawk-a5971f|combat|melee:none
44559|QuickHawk-a5971f|combat|melee:none
44571|QuickHawk-a5971f|combat|melee:none
44576|QuickHawk-a5971f|combat|melee:none
44585|QuickHawk-a5971f|combat|melee:none
44591|QuickHawk-a5971f|combat|melee:none
44671|QuickHawk-a5971f|disconnect|
44673|p-8fa47111|join|
44892|p-8fa47111|action|place:boat:-176,-128
44943|p-8fa47111|disconnect|
44945|p-ae2b8eab|join|
45217|p-ae2b8eab|disconnect|
45219|p-00a85bb3|join|
45327|p-00a85bb3|disconnect|
45329|p-8caefb05|join|
45437|p-8caefb05|disconnect|
45440|p-7a761ef1|join|
45554|p-7a761ef1|disconnect|
45556|p-0a749ef8|join|
45632|p-0a749ef8|action|interact:481
45667|p-0a749ef8|disconnect|
45669|p-b196ce98|join|
45674|p-b196ce98|disconnect|
45676|p-d57e74ce|join|
45680|p-d57e74ce|disconnect|
45682|p-40581b8e|join|
45979|p-40581b8e|action|interact:481
45999|p-40581b8e|disconnect|
46001|p-e2c31da9|join|
46005|p-e2c31da9|disconnect|
46007|p-c8684634|join|
46081|p-c8684634|action|interact:481
46116|p-c8684634|disconnect|
46118|p-63d14cb4|join|
46191|p-63d14cb4|action|interact:481
46225|p-63d14cb4|disconnect|
46230|WildHawk-f921aa|join|
46364|WildHawk-f921aa|action|interact:467
46435|WildHawk-f921aa|combat|melee:hoe:467:98
46499|WildHawk-f921aa|combat|melee:hoe:467:96
46579|WildHawk-f921aa|action|interact:373
46591|WildHawk-f921aa|combat|melee:none
46639|WildHawk-f921aa|combat|melee:none
46650|WildHawk-f921aa|action|interact:465
46660|WildHawk-f921aa|combat|melee:none
46755|WildHawk-f921aa|combat|melee:hoe:467:94
46773|WildHawk-f921aa|action|interact:465
46806|WildHawk-f921aa|combat|melee:none
46816|WildHawk-f921aa|combat|melee:none
46823|WildHawk-f921aa|combat|melee:none
46840|WildHawk-f921aa|combat|melee:none
46846|WildHawk-f921aa|combat|melee:none
46921|WildHawk-f921aa|disconnect|
68696|FierceWolf-ca955b|join|
68794|FierceWolf-ca955b|disconnect|
68800|FierceFox-5b5b23|join|
68974|FierceFox-5b5b23|disconnect|
68979|WiseFox-8fbb8b|join|
69298|WiseFox-8fbb8b|action|interact:457
69334|WiseFox-8fbb8b|inventory|510:4
69346|WiseFox-8fbb8b|inventory|457:22
69410|WiseFox-8fbb8b|action|interact:457
69519|WiseFox-8fbb8b|action|interact:481
69680|WiseFox-8fbb8b|combat|melee:none
69711|WiseFox-8fbb8b|action|interact:465
69738|WiseFox-8fbb8b|action|interact:465
69964|WiseFox-8fbb8b|disconnect|
69977|QuickFox-e2f4e1|join|
70130|QuickLynx-c80c53|join|
70430|QuickFox-e2f4e1|combat|melee:none
70738|QuickFox-e2f4e1|combat|melee:none
70838|QuickFox-e2f4e1|combat|melee:none
70844|QuickFox-e2f4e1|combat|melee:none
70848|QuickFox-e2f4e1|combat|melee:none
70852|QuickFox-e2f4e1|combat|melee:none
71183|QuickLynx-c80c53|action|interact:457
71271|QuickFox-e2f4e1|action|interact:457
71335|QuickFox-e2f4e1|inventory|512:12
71361|QuickFox-e2f4e1|inventory|457:11
71397|QuickFox-e2f4e1|inventory|457:11
71439|QuickFox-e2f4e1|inventory|457:10
71450|QuickFox-e2f4e1|inventory|457:10
71473|QuickFox-e2f4e1|inventory|512:12
71537|QuickLynx-c80c53|inventory|524:11
71556|QuickLynx-c80c53|inventory|457:10
71573|QuickLynx-c80c53|inventory|457:10
71592|QuickLynx-c80c53|inventory|524:11
71646|QuickLynx-c80c53|inventory|524:31
71676|QuickLynx-c80c53|inventory|457:11
71687|QuickLynx-c80c53|inventory|457:11
71708|QuickLynx-c80c53|inventory|524:22
72244|QuickLynx-c80c53|combat|pvp:QuickFox-e2f4e1:16
72354|QuickFox-e2f4e1|combat|melee:none
72668|QuickFox-e2f4e1|combat|melee:none
72966|QuickFox-e2f4e1|combat|melee:none
72974|QuickFox-e2f4e1|combat|melee:none
72980|QuickFox-e2f4e1|combat|melee:none
72986|QuickFox-e2f4e1|combat|melee:none
73533|QuickLynx-c80c53|inventory|524:13
73549|QuickLynx-c80c53|inventory|524:31
73647|QuickLynx-c80c53|action|place:crafting_table:-608,-288
73866|QuickLynx-c80c53|action|place:torch:-630,-526
73995|QuickFox-e2f4e1|action|place:chest:-480,-352
74109|QuickFox-e2f4e1|action|interact:530
74145|QuickLynx-c80c53|combat|melee:none
74170|QuickLynx-c80c53|action|interact:530
74209|QuickLynx-c80c53|inventory|524:12
74219|QuickLynx-c80c53|inventory|530:10
74234|QuickLynx-c80c53|inventory|530:10
74244|QuickLynx-c80c53|inventory|524:12
74484|QuickFox-e2f4e1|disconnect|
74484|QuickLynx-c80c53|disconnect|
74490|BoldWolf-cdfe13|join|
74719|BoldWolf-cdfe13|action|interact:530
74759|BoldWolf-cdfe13|action|interact:530
74788|BoldWolf-cdfe13|action|interact:528
74855|BoldWolf-cdfe13|action|interact:528
74926|BoldWolf-cdfe13|inventory|531:0
74944|BoldWolf-cdfe13|crafting|528:0
74961|BoldWolf-cdfe13|crafting|528:0
74984|BoldWolf-cdfe13|inventory|531:0
75678|BoldWolf-cdfe13|disconnect|
75680|p-37fc1367|join|
75753|p-37fc1367|action|interact:448
75788|p-37fc1367|disconnect|
75793|BraveOtter-a42183|join|
76010|BoldWolf-6b5e3f|join|
76456|BraveOtter-a42183|combat|melee:none
76480|BraveOtter-a42183|combat|melee:none
76560|BraveOtter-a42183|combat|melee:none
76595|BraveOtter-a42183|combat|melee:none
76617|BraveOtter-a42183|combat|melee:none
76623|BraveOtter-a42183|combat|melee:none
76630|BraveOtter-a42183|combat|melee:none
76636|BraveOtter-a42183|combat|melee:none
76668|BraveOtter-a42183|combat|melee:none
76676|BraveOtter-a42183|combat|melee:none
76682|BraveOtter-a42183|combat|melee:none
76689|BraveOtter-a42183|combat|melee:none
76740|BraveOtter-a42183|combat|melee:none
77416|BraveOtter-a42183|action|interact:530
77508|BraveOtter-a42183|action|interact:448
77706|BraveOtter-a42183|combat|melee:none
77795|BraveOtter-a42183|action|interact:464
77805|BraveOtter-a42183|combat|melee:none
77838|BraveOtter-a42183|combat|melee:none
77856|BraveOtter-a42183|combat|melee:none
77862|BraveOtter-a42183|combat|melee:none
77867|BraveOtter-a42183|combat|melee:none
77873|BraveOtter-a42183|combat|melee:none
78063|BraveOtter-a42183|combat|melee:hoe:448:98
78082|BraveOtter-a42183|combat|melee:hoe:448:96
78098|BraveOtter-a42183|combat|melee:hoe:448:94
78104|BraveOtter-a42183|combat|melee:hoe:448:92
78137|BraveOtter-a42183|combat|melee:hoe:448:90
78153|BraveOtter-a42183|action|interact:464
78170|BraveOtter-a42183|action|interact:464
78180|BraveOtter-a42183|combat|melee:hoe:448:88
78192|BraveOtter-a42183|combat|melee:hoe:448:86
78203|BraveOtter-a42183|combat|melee:hoe:448:84
78208|BraveOtter-a42183|combat|melee:hoe:448:82
78215|BraveOtter-a42183|combat|melee:hoe:448:80
78222|BraveOtter-a42183|combat|melee:hoe:448:78
78228|BraveOtter-a42183|combat|melee:hoe:448:76
78234|BraveOtter-a42183|combat|melee:hoe:448:74
78241|BraveOtter-a42183|combat|melee:hoe:448:72
78249|BraveOtter-a42183|combat|melee:hoe:448:70
78255|BraveOtter-a42183|combat|melee:hoe:448:68
78262|BraveOtter-a42183|combat|melee:hoe:448:66
78268|BraveOtter-a42183|combat|melee:hoe:448:64
78274|BraveOtter-a42183|combat|melee:hoe:448:62
78281|BraveOtter-a42183|combat|melee:hoe:448:60
78286|BraveOtter-a42183|combat|melee:hoe:448:58
78293|BraveOtter-a42183|combat|melee:hoe:448:56
78476|BoldWolf-6b5e3f|combat|melee:none
78536|BoldWolf-6b5e3f|combat|melee:none
78541|BoldWolf-6b5e3f|combat|melee:none
78548|BoldWolf-6b5e3f|combat|melee:none
78557|BoldWolf-6b5e3f|combat|melee:none
78629|BoldWolf-6b5e3f|combat|melee:none
78636|BoldWolf-6b5e3f|combat|melee:none
78670|BoldWolf-6b5e3f|combat|melee:none
78732|BoldWolf-6b5e3f|disconnect|
82611|BraveOtter-a42183|disconnect|
82617|BoldWolf-56ca55|join|
83074|QuietBear-4bee7f|join|
83461|QuietBear-4bee7f|combat|melee:none
83481|QuietBear-4bee7f|combat|melee:none
83516|QuietBear-4bee7f|combat|melee:none
83532|QuietBear-4bee7f|combat|melee:none
83736|QuietBear-4bee7f|combat|melee:none
83777|QuietBear-4bee7f|combat|melee:none
83804|QuietBear-4bee7f|combat|melee:none
83812|QuietBear-4bee7f|combat|melee:none
83819|QuietBear-4bee7f|combat|melee:none
83825|QuietBear-4bee7f|combat|melee:none
83858|QuietBear-4bee7f|combat|melee:none
83865|QuietBear-4bee7f|combat|melee:none
83879|QuietBear-4bee7f|combat|melee:none
84162|QuietBear-4bee7f|action|place:boat:-40,-148
84226|QuietBear-4bee7f|action|interact:547
84590|BoldWolf-56ca55|action|place:boat:158,-316
84685|BoldWolf-56ca55|action|interact:548
85134|BoldWolf-56ca55|combat|melee:none
85183|BoldWolf-56ca55|combat|melee:none
85189|BoldWolf-56ca55|combat|melee:none
85196|BoldWolf-56ca55|combat|melee:none
85200|BoldWolf-56ca55|combat|melee:none
85243|BoldWolf-56ca55|action|interact:548
85260|BoldWolf-56ca55|action|interact:548
85266|BoldWolf-56ca55|action|interact:548
85304|BoldWolf-56ca55|combat|melee:none
85350|BoldWolf-56ca55|combat|melee:sword:548:96
85374|BoldWolf-56ca55|combat|melee:none
85385|BoldWolf-56ca55|combat|melee:none
85400|BoldWolf-56ca55|combat|melee:none
85407|BoldWolf-56ca55|combat|melee:none
85412|BoldWolf-56ca55|combat|melee:none
85417|BoldWolf-56ca55|combat|melee:none
85467|BoldWolf-56ca55|action|interact:548
85915|QuietBear-4bee7f|disconnect|
85915|BoldWolf-56ca55|disconnect|
85920|QuietFox-e560ec|join|
87064|QuietFox-e560ec|action|interact:528
87168|QuietFox-e560ec|action|interact:528
87292|QuietFox-e560ec|action|interact:530
87321|QuietFox-e560ec|action|interact:457
87358|QuietFox-e560ec|action|interact:530
87407|QuietFox-e560ec|inventory|549:12
87428|QuietFox-e560ec|inventory|530:12
87449|QuietFox-e560ec|inventory|530:12
87460|QuietFox-e560ec|inventory|530:12
87492|QuietFox-e560ec|inventory|530:12
87502|QuietFox-e560ec|inventory|530:12
87529|QuietFox-e560ec|inventory|530:13
87550|QuietFox-e560ec|inventory|530:14
87573|QuietFox-e560ec|inventory|530:15
87639|QuietFox-e560ec|action|interact:547
90213|QuickBear-f8d5f5|join|
90410|QuickBear-f8d5f5|action|interact:448
91214|QuickBear-f8d5f5|disconnect|
93821|QuietFox-e560ec|disconnect|
93826|FierceLynx-cb2386|join|
93881|FierceLynx-cb2386|disconnect|
